2024-09-30 13:59:45 INFO  LoginPage:29 - Entering User Name : standard_user
2024-09-30 13:59:45 INFO  LoginPage:34 - Entering User Password : secret_sauce
2024-09-30 13:59:46 INFO  LoginPage:39 - Clicked on Login Button
2024-09-30 13:59:46 INFO  LoginPage:29 - Entering User Name : standard_user
2024-09-30 13:59:46 INFO  LoginPage:34 - Entering User Password : secret_sauce
2024-09-30 13:59:46 INFO  LoginPage:29 - Entering User Name : standard_user
2024-09-30 13:59:46 INFO  LoginPage:34 - Entering User Password : secret_sauce1
2024-09-30 13:59:46 INFO  LoginPage:39 - Clicked on Login Button
2024-09-30 13:59:46 INFO  LoginPage:47 - Error Message is displayed
2024-09-30 14:14:07 INFO  LoginPage:29 - Entering User Name : standard_user
2024-09-30 14:14:07 INFO  LoginPage:34 - Entering User Password : secret_sauce
2024-09-30 14:14:07 INFO  LoginPage:39 - Clicked on Login Button
2024-09-30 14:14:08 INFO  LoginPage:29 - Entering User Name : standard_user
2024-09-30 14:14:08 INFO  LoginPage:34 - Entering User Password : secret_sauce
2024-09-30 14:14:08 INFO  LoginPage:29 - Entering User Name : standard_user
2024-09-30 14:14:08 INFO  LoginPage:34 - Entering User Password : secret_sauce1
2024-09-30 14:14:08 INFO  LoginPage:39 - Clicked on Login Button
2024-09-30 14:14:08 INFO  LoginPage:47 - Error Message is displayed
2024-09-30 14:17:33 INFO  LoginPage:29 - Entering User Name : standard_user
2024-09-30 14:17:33 INFO  LoginPage:34 - Entering User Password : secret_sauce
2024-09-30 14:17:33 INFO  LoginPage:39 - Clicked on Login Button
2024-09-30 14:17:34 INFO  LoginPage:29 - Entering User Name : standard_user
2024-09-30 14:17:34 INFO  LoginPage:34 - Entering User Password : secret_sauce
2024-09-30 14:17:34 INFO  LoginPage:29 - Entering User Name : standard_user
2024-09-30 14:17:34 INFO  LoginPage:34 - Entering User Password : secret_sauce1
2024-09-30 14:17:34 INFO  LoginPage:39 - Clicked on Login Button
2024-09-30 14:17:34 INFO  LoginPage:47 - Error Message is displayed
2024-09-30 14:18:36 INFO  LoginPage:29 - Entering User Name : standard_user
2024-09-30 14:18:36 INFO  LoginPage:34 - Entering User Password : secret_sauce
2024-09-30 14:18:36 INFO  LoginPage:39 - Clicked on Login Button
2024-09-30 14:18:37 INFO  LoginPage:29 - Entering User Name : standard_user
2024-09-30 14:18:37 INFO  LoginPage:34 - Entering User Password : secret_sauce
2024-09-30 14:18:37 INFO  LoginPage:29 - Entering User Name : standard_user
2024-09-30 14:18:37 INFO  LoginPage:34 - Entering User Password : secret_sauce1
2024-09-30 14:18:37 INFO  LoginPage:39 - Clicked on Login Button
2024-09-30 14:18:37 INFO  LoginPage:47 - Error Message is displayed
2024-09-30 14:20:44 INFO  LoginPage:29 - Entering User Name : standard_user
2024-09-30 14:20:44 INFO  LoginPage:34 - Entering User Password : secret_sauce
2024-09-30 14:20:45 INFO  LoginPage:39 - Clicked on Login Button
2024-09-30 14:20:48 INFO  LoginPage:29 - Entering User Name : standard_user
2024-09-30 14:20:48 INFO  LoginPage:34 - Entering User Password : secret_sauce
2024-09-30 14:20:48 INFO  LoginPage:29 - Entering User Name : standard_user
2024-09-30 14:20:48 INFO  LoginPage:34 - Entering User Password : secret_sauce1
2024-09-30 14:20:48 INFO  LoginPage:39 - Clicked on Login Button
2024-09-30 14:20:48 INFO  LoginPage:47 - Error Message is displayed
2024-09-30 14:21:18 INFO  LoginPage:29 - Entering User Name : standard_user
2024-09-30 14:21:18 INFO  LoginPage:34 - Entering User Password : secret_sauce
2024-09-30 14:21:18 INFO  LoginPage:39 - Clicked on Login Button
2024-09-30 14:21:21 INFO  LoginPage:29 - Entering User Name : standard_user
2024-09-30 14:21:21 INFO  LoginPage:34 - Entering User Password : secret_sauce
2024-09-30 14:21:21 INFO  LoginPage:29 - Entering User Name : standard_user
2024-09-30 14:21:21 INFO  LoginPage:34 - Entering User Password : secret_sauce1
2024-09-30 14:21:21 INFO  LoginPage:39 - Clicked on Login Button
2024-09-30 14:21:21 INFO  LoginPage:47 - Error Message is displayed
2024-09-30 14:22:56 INFO  LoginPage:29 - Entering User Name : standard_user
2024-09-30 14:22:56 INFO  LoginPage:34 - Entering User Password : secret_sauce
2024-09-30 14:22:56 INFO  LoginPage:39 - Clicked on Login Button
2024-09-30 14:22:57 INFO  LoginPage:29 - Entering User Name : standard_user
2024-09-30 14:22:57 INFO  LoginPage:34 - Entering User Password : secret_sauce
2024-09-30 14:22:57 INFO  LoginPage:29 - Entering User Name : standard_user
2024-09-30 14:22:57 INFO  LoginPage:34 - Entering User Password : secret_sauce1
2024-09-30 14:22:57 INFO  LoginPage:39 - Clicked on Login Button
2024-09-30 14:22:57 INFO  LoginPage:47 - Error Message is displayed
2024-09-30 14:28:24 INFO  LoginPage:29 - Entering User Name : standard_user
2024-09-30 14:28:24 INFO  LoginPage:34 - Entering User Password : secret_sauce
2024-09-30 14:28:24 INFO  LoginPage:39 - Clicked on Login Button
2024-09-30 14:28:25 INFO  LoginPage:29 - Entering User Name : standard_user
2024-09-30 14:28:25 INFO  LoginPage:34 - Entering User Password : secret_sauce
2024-09-30 14:28:25 INFO  LoginPage:29 - Entering User Name : standard_user
2024-09-30 14:28:25 INFO  LoginPage:34 - Entering User Password : secret_sauce1
2024-09-30 14:28:25 INFO  LoginPage:39 - Clicked on Login Button
2024-09-30 14:28:25 INFO  LoginPage:47 - Error Message is displayed
2024-09-30 14:39:21 INFO  LoginPage:29 - Entering User Name : standard_user
2024-09-30 14:39:21 INFO  LoginPage:34 - Entering User Password : secret_sauce
2024-09-30 14:39:22 INFO  LoginPage:39 - Clicked on Login Button
2024-09-30 14:39:22 INFO  LoginPage:29 - Entering User Name : standard_user
2024-09-30 14:39:22 INFO  LoginPage:34 - Entering User Password : secret_sauce
2024-09-30 14:39:22 INFO  LoginPage:29 - Entering User Name : standard_user
2024-09-30 14:39:22 INFO  LoginPage:34 - Entering User Password : secret_sauce1
2024-09-30 14:39:22 INFO  LoginPage:39 - Clicked on Login Button
2024-09-30 14:39:22 INFO  LoginPage:47 - Error Message is displayed
2024-09-30 14:40:34 INFO  LoginPage:29 - Entering User Name : standard_user
2024-09-30 14:40:34 INFO  LoginPage:34 - Entering User Password : secret_sauce
2024-09-30 14:40:34 INFO  LoginPage:39 - Clicked on Login Button
2024-09-30 14:40:34 INFO  LoginPage:29 - Entering User Name : standard_user
2024-09-30 14:40:35 INFO  LoginPage:34 - Entering User Password : secret_sauce
2024-09-30 14:40:35 INFO  LoginPage:29 - Entering User Name : standard_user
2024-09-30 14:40:35 INFO  LoginPage:34 - Entering User Password : secret_sauce1
2024-09-30 14:40:35 INFO  LoginPage:39 - Clicked on Login Button
2024-09-30 14:40:35 INFO  LoginPage:47 - Error Message is displayed
2024-09-30 14:41:21 INFO  LoginPage:29 - Entering User Name : standard_user
2024-09-30 14:41:21 INFO  LoginPage:34 - Entering User Password : secret_sauce
2024-09-30 14:41:21 INFO  LoginPage:39 - Clicked on Login Button
2024-09-30 14:41:24 INFO  LoginPage:29 - Entering User Name : standard_user
2024-09-30 14:41:24 INFO  LoginPage:34 - Entering User Password : secret_sauce
2024-09-30 14:41:24 INFO  LoginPage:29 - Entering User Name : standard_user
2024-09-30 14:41:25 INFO  LoginPage:34 - Entering User Password : secret_sauce1
2024-09-30 14:41:25 INFO  LoginPage:39 - Clicked on Login Button
2024-09-30 14:41:25 INFO  LoginPage:47 - Error Message is displayed
